2025-08-14 13:03:25,105 - __main__ - INFO - ============================================================
2025-08-14 13:03:25,106 - __main__ - INFO - STARTING FIXED MT5 SCALPING BOT - PRODUCTION READY
2025-08-14 13:03:25,106 - __main__ - INFO - ============================================================
2025-08-14 13:03:25,106 - __main__ - WARNING - MetaTrader5 not available - DEMO MODE (mock data)
2025-08-14 13:03:27,495 - __main__ - INFO - Initializing FIXED controller...
2025-08-14 13:03:27,496 - __main__ - INFO - Creating FIXED main window...
2025-08-14 13:03:27,540 - __main__ - INFO - FIXED Bot Application initialized successfully!
2025-08-14 13:03:27,540 - __main__ - INFO - PERBAIKAN YANG TELAH DITERAPKAN:
2025-08-14 13:03:27,540 - __main__ - INFO - 1. Analysis Worker dengan heartbeat setiap 1 detik
2025-08-14 13:03:27,540 - __main__ - INFO - 2. Auto-execute signals (non-shadow mode)
2025-08-14 13:03:27,541 - __main__ - INFO - 3. TP/SL input dinamis (ATR/Points/Pips/Balance%)
2025-08-14 13:03:27,541 - __main__ - INFO - 4. Pre-flight checks lengkap
2025-08-14 13:03:27,541 - __main__ - INFO - 5. Real-time data feed dengan error handling
2025-08-14 13:03:27,541 - __main__ - INFO - 6. Risk management dan emergency controls
2025-08-14 13:03:27,541 - __main__ - INFO - 7. Comprehensive logging dan diagnostics
2025-08-14 13:03:27,541 - __main__ - INFO - ============================================================
2025-08-14 13:03:27,541 - __main__ - INFO - READY FOR PROFESSIONAL SCALPING ON XAUUSD
2025-08-14 13:03:27,541 - __main__ - INFO - Start → Connect → Start Bot untuk mulai trading!
2025-08-14 13:03:27,541 - __main__ - INFO - ============================================================
2025-08-14 13:03:53,734 - __main__ - INFO - ============================================================
2025-08-14 13:03:53,734 - __main__ - INFO - STARTING FIXED MT5 SCALPING BOT - PRODUCTION READY
2025-08-14 13:03:53,734 - __main__ - INFO - ============================================================
2025-08-14 13:03:53,735 - __main__ - WARNING - MetaTrader5 not available - DEMO MODE (mock data)
2025-08-14 13:03:53,754 - __main__ - INFO - Initializing FIXED controller...
2025-08-14 13:03:53,755 - __main__ - INFO - Creating FIXED main window...
2025-08-14 13:03:53,803 - __main__ - INFO - FIXED Bot Application initialized successfully!
2025-08-14 13:03:53,803 - __main__ - INFO - PERBAIKAN YANG TELAH DITERAPKAN:
2025-08-14 13:03:53,803 - __main__ - INFO - 1. Analysis Worker dengan heartbeat setiap 1 detik
2025-08-14 13:03:53,803 - __main__ - INFO - 2. Auto-execute signals (non-shadow mode)
2025-08-14 13:03:53,803 - __main__ - INFO - 3. TP/SL input dinamis (ATR/Points/Pips/Balance%)
2025-08-14 13:03:53,803 - __main__ - INFO - 4. Pre-flight checks lengkap
2025-08-14 13:03:53,803 - __main__ - INFO - 5. Real-time data feed dengan error handling
2025-08-14 13:03:53,803 - __main__ - INFO - 6. Risk management dan emergency controls
2025-08-14 13:03:53,803 - __main__ - INFO - 7. Comprehensive logging dan diagnostics
2025-08-14 13:03:53,804 - __main__ - INFO - ============================================================
2025-08-14 13:03:53,804 - __main__ - INFO - READY FOR PROFESSIONAL SCALPING ON XAUUSD
2025-08-14 13:03:53,804 - __main__ - INFO - Start → Connect → Start Bot untuk mulai trading!
2025-08-14 13:03:53,804 - __main__ - INFO - ============================================================
2025-08-14 13:14:02,445 - __main__ - INFO - ============================================================
2025-08-14 13:14:02,446 - __main__ - INFO - STARTING FIXED MT5 SCALPING BOT - PRODUCTION READY
2025-08-14 13:14:02,446 - __main__ - INFO - ============================================================
2025-08-14 13:14:02,446 - __main__ - WARNING - MetaTrader5 not available - DEMO MODE (mock data)
2025-08-14 13:14:02,465 - __main__ - INFO - Initializing FIXED controller...
2025-08-14 13:14:02,466 - __main__ - INFO - Creating FIXED main window...
2025-08-14 13:14:02,511 - __main__ - INFO - FIXED Bot Application initialized successfully!
2025-08-14 13:14:02,511 - __main__ - INFO - PERBAIKAN YANG TELAH DITERAPKAN:
2025-08-14 13:14:02,511 - __main__ - INFO - 1. Analysis Worker dengan heartbeat setiap 1 detik
2025-08-14 13:14:02,511 - __main__ - INFO - 2. Auto-execute signals (non-shadow mode)
2025-08-14 13:14:02,511 - __main__ - INFO - 3. TP/SL input dinamis (ATR/Points/Pips/Balance%)
2025-08-14 13:14:02,511 - __main__ - INFO - 4. Pre-flight checks lengkap
2025-08-14 13:14:02,512 - __main__ - INFO - 5. Real-time data feed dengan error handling
2025-08-14 13:14:02,512 - __main__ - INFO - 6. Risk management dan emergency controls
2025-08-14 13:14:02,512 - __main__ - INFO - 7. Comprehensive logging dan diagnostics
2025-08-14 13:14:02,512 - __main__ - INFO - ============================================================
2025-08-14 13:14:02,512 - __main__ - INFO - READY FOR PROFESSIONAL SCALPING ON XAUUSD
2025-08-14 13:14:02,512 - __main__ - INFO - Start → Connect → Start Bot untuk mulai trading!
2025-08-14 13:14:02,512 - __main__ - INFO - ============================================================
2025-08-14 13:21:54,015 - __main__ - INFO - ============================================================
2025-08-14 13:21:54,016 - __main__ - INFO - STARTING FIXED MT5 SCALPING BOT - PRODUCTION READY
2025-08-14 13:21:54,016 - __main__ - INFO - ============================================================
2025-08-14 13:21:54,016 - __main__ - WARNING - MetaTrader5 not available - DEMO MODE (mock data)
2025-08-14 13:21:54,034 - __main__ - INFO - Initializing FIXED controller...
2025-08-14 13:21:54,035 - __main__ - INFO - Creating FIXED main window...
2025-08-14 13:21:54,088 - __main__ - INFO - FIXED Bot Application initialized successfully!
2025-08-14 13:21:54,088 - __main__ - INFO - PERBAIKAN YANG TELAH DITERAPKAN:
2025-08-14 13:21:54,089 - __main__ - INFO - 1. Analysis Worker dengan heartbeat setiap 1 detik
2025-08-14 13:21:54,089 - __main__ - INFO - 2. Auto-execute signals (non-shadow mode)
2025-08-14 13:21:54,089 - __main__ - INFO - 3. TP/SL input dinamis (ATR/Points/Pips/Balance%)
2025-08-14 13:21:54,089 - __main__ - INFO - 4. Pre-flight checks lengkap
2025-08-14 13:21:54,089 - __main__ - INFO - 5. Real-time data feed dengan error handling
2025-08-14 13:21:54,089 - __main__ - INFO - 6. Risk management dan emergency controls
2025-08-14 13:21:54,089 - __main__ - INFO - 7. Comprehensive logging dan diagnostics
2025-08-14 13:21:54,089 - __main__ - INFO - ============================================================
2025-08-14 13:21:54,089 - __main__ - INFO - READY FOR PROFESSIONAL SCALPING ON XAUUSD
2025-08-14 13:21:54,089 - __main__ - INFO - Start → Connect → Start Bot untuk mulai trading!
2025-08-14 13:21:54,089 - __main__ - INFO - ============================================================
2025-08-14 13:23:05,868 - __main__ - INFO - ============================================================
2025-08-14 13:23:05,868 - __main__ - INFO - STARTING FIXED MT5 SCALPING BOT - PRODUCTION READY
2025-08-14 13:23:05,868 - __main__ - INFO - ============================================================
2025-08-14 13:23:05,868 - __main__ - WARNING - MetaTrader5 not available - DEMO MODE (mock data)
2025-08-14 13:23:05,898 - __main__ - INFO - Initializing FIXED controller...
2025-08-14 13:23:05,898 - __main__ - INFO - Creating FIXED main window...
2025-08-14 13:23:05,945 - __main__ - INFO - FIXED Bot Application initialized successfully!
2025-08-14 13:23:05,945 - __main__ - INFO - PERBAIKAN YANG TELAH DITERAPKAN:
2025-08-14 13:23:05,945 - __main__ - INFO - 1. Analysis Worker dengan heartbeat setiap 1 detik
2025-08-14 13:23:05,945 - __main__ - INFO - 2. Auto-execute signals (non-shadow mode)
2025-08-14 13:23:05,945 - __main__ - INFO - 3. TP/SL input dinamis (ATR/Points/Pips/Balance%)
2025-08-14 13:23:05,945 - __main__ - INFO - 4. Pre-flight checks lengkap
2025-08-14 13:23:05,945 - __main__ - INFO - 5. Real-time data feed dengan error handling
2025-08-14 13:23:05,945 - __main__ - INFO - 6. Risk management dan emergency controls
2025-08-14 13:23:05,946 - __main__ - INFO - 7. Comprehensive logging dan diagnostics
2025-08-14 13:23:05,946 - __main__ - INFO - ============================================================
2025-08-14 13:23:05,946 - __main__ - INFO - READY FOR PROFESSIONAL SCALPING ON XAUUSD
2025-08-14 13:23:05,946 - __main__ - INFO - Start → Connect → Start Bot untuk mulai trading!
2025-08-14 13:23:05,946 - __main__ - INFO - ============================================================
2025-08-14 13:25:16,338 - __main__ - INFO - ============================================================
2025-08-14 13:25:16,338 - __main__ - INFO - STARTING FIXED MT5 SCALPING BOT - PRODUCTION READY
2025-08-14 13:25:16,338 - __main__ - INFO - ============================================================
2025-08-14 13:25:16,338 - __main__ - WARNING - MetaTrader5 not available - DEMO MODE (mock data)
2025-08-14 13:25:16,381 - __main__ - INFO - Initializing FIXED controller...
2025-08-14 13:25:16,381 - __main__ - INFO - Creating FIXED main window...
2025-08-14 13:25:16,427 - __main__ - INFO - FIXED Bot Application initialized successfully!
2025-08-14 13:25:16,428 - __main__ - INFO - PERBAIKAN YANG TELAH DITERAPKAN:
2025-08-14 13:25:16,428 - __main__ - INFO - 1. Analysis Worker dengan heartbeat setiap 1 detik
2025-08-14 13:25:16,428 - __main__ - INFO - 2. Auto-execute signals (non-shadow mode)
2025-08-14 13:25:16,428 - __main__ - INFO - 3. TP/SL input dinamis (ATR/Points/Pips/Balance%)
2025-08-14 13:25:16,428 - __main__ - INFO - 4. Pre-flight checks lengkap
2025-08-14 13:25:16,428 - __main__ - INFO - 5. Real-time data feed dengan error handling
2025-08-14 13:25:16,428 - __main__ - INFO - 6. Risk management dan emergency controls
2025-08-14 13:25:16,428 - __main__ - INFO - 7. Comprehensive logging dan diagnostics
2025-08-14 13:25:16,428 - __main__ - INFO - ============================================================
2025-08-14 13:25:16,428 - __main__ - INFO - READY FOR PROFESSIONAL SCALPING ON XAUUSD
2025-08-14 13:25:16,429 - __main__ - INFO - Start → Connect → Start Bot untuk mulai trading!
2025-08-14 13:25:16,429 - __main__ - INFO - ============================================================
2025-08-14 13:27:24,025 - __main__ - INFO - ============================================================
2025-08-14 13:27:24,025 - __main__ - INFO - STARTING FIXED MT5 SCALPING BOT - PRODUCTION READY
2025-08-14 13:27:24,025 - __main__ - INFO - ============================================================
2025-08-14 13:27:24,025 - __main__ - WARNING - MetaTrader5 not available - DEMO MODE (mock data)
2025-08-14 13:27:24,041 - __main__ - INFO - Initializing FIXED controller...
2025-08-14 13:27:24,042 - __main__ - INFO - Creating FIXED main window...
2025-08-14 13:27:24,082 - __main__ - INFO - FIXED Bot Application initialized successfully!
2025-08-14 13:27:24,082 - __main__ - INFO - PERBAIKAN YANG TELAH DITERAPKAN:
2025-08-14 13:27:24,082 - __main__ - INFO - 1. Analysis Worker dengan heartbeat setiap 1 detik
2025-08-14 13:27:24,082 - __main__ - INFO - 2. Auto-execute signals (non-shadow mode)
2025-08-14 13:27:24,082 - __main__ - INFO - 3. TP/SL input dinamis (ATR/Points/Pips/Balance%)
2025-08-14 13:27:24,082 - __main__ - INFO - 4. Pre-flight checks lengkap
2025-08-14 13:27:24,083 - __main__ - INFO - 5. Real-time data feed dengan error handling
2025-08-14 13:27:24,083 - __main__ - INFO - 6. Risk management dan emergency controls
2025-08-14 13:27:24,083 - __main__ - INFO - 7. Comprehensive logging dan diagnostics
2025-08-14 13:27:24,083 - __main__ - INFO - ============================================================
2025-08-14 13:27:24,083 - __main__ - INFO - READY FOR PROFESSIONAL SCALPING ON XAUUSD
2025-08-14 13:27:24,083 - __main__ - INFO - Start → Connect → Start Bot untuk mulai trading!
2025-08-14 13:27:24,084 - __main__ - INFO - ============================================================
2025-08-14 13:32:17,565 - __main__ - INFO - ============================================================
2025-08-14 13:32:17,565 - __main__ - INFO - STARTING FIXED MT5 SCALPING BOT - PRODUCTION READY
2025-08-14 13:32:17,566 - __main__ - INFO - ============================================================
2025-08-14 13:32:17,566 - __main__ - WARNING - MetaTrader5 not available - DEMO MODE (mock data)
2025-08-14 13:32:17,605 - __main__ - INFO - Initializing FIXED controller...
2025-08-14 13:32:17,610 - __main__ - INFO - Creating FIXED main window...
2025-08-14 13:32:17,656 - __main__ - INFO - FIXED Bot Application initialized successfully!
2025-08-14 13:32:17,657 - __main__ - INFO - PERBAIKAN YANG TELAH DITERAPKAN:
2025-08-14 13:32:17,657 - __main__ - INFO - 1. Analysis Worker dengan heartbeat setiap 1 detik
2025-08-14 13:32:17,657 - __main__ - INFO - 2. Auto-execute signals (non-shadow mode)
2025-08-14 13:32:17,657 - __main__ - INFO - 3. TP/SL input dinamis (ATR/Points/Pips/Balance%)
2025-08-14 13:32:17,658 - __main__ - INFO - 4. Pre-flight checks lengkap
2025-08-14 13:32:17,658 - __main__ - INFO - 5. Real-time data feed dengan error handling
2025-08-14 13:32:17,658 - __main__ - INFO - 6. Risk management dan emergency controls
2025-08-14 13:32:17,658 - __main__ - INFO - 7. Comprehensive logging dan diagnostics
2025-08-14 13:32:17,658 - __main__ - INFO - ============================================================
2025-08-14 13:32:17,658 - __main__ - INFO - READY FOR PROFESSIONAL SCALPING ON XAUUSD
2025-08-14 13:32:17,658 - __main__ - INFO - Start → Connect → Start Bot untuk mulai trading!
2025-08-14 13:32:17,658 - __main__ - INFO - ============================================================
2025-08-14 13:38:28,204 - __main__ - INFO - ============================================================
2025-08-14 13:38:28,204 - __main__ - INFO - STARTING FIXED MT5 SCALPING BOT - PRODUCTION READY
2025-08-14 13:38:28,204 - __main__ - INFO - ============================================================
2025-08-14 13:38:28,205 - __main__ - WARNING - MetaTrader5 not available - DEMO MODE (mock data)
2025-08-14 13:38:28,225 - __main__ - INFO - Initializing FIXED controller...
2025-08-14 13:38:28,226 - __main__ - INFO - Creating FIXED main window...
2025-08-14 13:38:28,266 - __main__ - INFO - FIXED Bot Application initialized successfully!
2025-08-14 13:38:28,266 - __main__ - INFO - PERBAIKAN YANG TELAH DITERAPKAN:
2025-08-14 13:38:28,266 - __main__ - INFO - 1. Analysis Worker dengan heartbeat setiap 1 detik
2025-08-14 13:38:28,266 - __main__ - INFO - 2. Auto-execute signals (non-shadow mode)
2025-08-14 13:38:28,267 - __main__ - INFO - 3. TP/SL input dinamis (ATR/Points/Pips/Balance%)
2025-08-14 13:38:28,267 - __main__ - INFO - 4. Pre-flight checks lengkap
2025-08-14 13:38:28,267 - __main__ - INFO - 5. Real-time data feed dengan error handling
2025-08-14 13:38:28,267 - __main__ - INFO - 6. Risk management dan emergency controls
2025-08-14 13:38:28,267 - __main__ - INFO - 7. Comprehensive logging dan diagnostics
2025-08-14 13:38:28,267 - __main__ - INFO - ============================================================
2025-08-14 13:38:28,267 - __main__ - INFO - READY FOR PROFESSIONAL SCALPING ON XAUUSD
2025-08-14 13:38:28,267 - __main__ - INFO - Start → Connect → Start Bot untuk mulai trading!
2025-08-14 13:38:28,267 - __main__ - INFO - ============================================================
2025-08-14 13:44:32,226 - __main__ - INFO - ============================================================
2025-08-14 13:44:32,230 - __main__ - INFO - STARTING FIXED MT5 SCALPING BOT - PRODUCTION READY
2025-08-14 13:44:32,230 - __main__ - INFO - ============================================================
2025-08-14 13:44:32,230 - __main__ - WARNING - MetaTrader5 not available - DEMO MODE (mock data)
2025-08-14 13:44:32,271 - __main__ - INFO - Initializing FIXED controller...
2025-08-14 13:44:32,273 - __main__ - INFO - Creating FIXED main window...
2025-08-14 13:44:32,320 - __main__ - INFO - FIXED Bot Application initialized successfully!
2025-08-14 13:44:32,320 - __main__ - INFO - PERBAIKAN YANG TELAH DITERAPKAN:
2025-08-14 13:44:32,320 - __main__ - INFO - 1. Analysis Worker dengan heartbeat setiap 1 detik
2025-08-14 13:44:32,320 - __main__ - INFO - 2. Auto-execute signals (non-shadow mode)
2025-08-14 13:44:32,321 - __main__ - INFO - 3. TP/SL input dinamis (ATR/Points/Pips/Balance%)
2025-08-14 13:44:32,321 - __main__ - INFO - 4. Pre-flight checks lengkap
2025-08-14 13:44:32,321 - __main__ - INFO - 5. Real-time data feed dengan error handling
2025-08-14 13:44:32,321 - __main__ - INFO - 6. Risk management dan emergency controls
2025-08-14 13:44:32,321 - __main__ - INFO - 7. Comprehensive logging dan diagnostics
2025-08-14 13:44:32,321 - __main__ - INFO - ============================================================
2025-08-14 13:44:32,322 - __main__ - INFO - READY FOR PROFESSIONAL SCALPING ON XAUUSD
2025-08-14 13:44:32,322 - __main__ - INFO - Start → Connect → Start Bot untuk mulai trading!
2025-08-14 13:44:32,322 - __main__ - INFO - ============================================================
2025-08-14 23:39:11,628 - __main__ - INFO - ============================================================
2025-08-14 23:39:11,630 - __main__ - INFO - STARTING FIXED MT5 SCALPING BOT - PRODUCTION READY
2025-08-14 23:39:11,630 - __main__ - INFO - ============================================================
2025-08-14 23:39:11,630 - __main__ - ERROR - ❌ MetaTrader5 not installed - pip install MetaTrader5
2025-08-14 23:39:12,648 - __main__ - INFO - Initializing FIXED controller...
2025-08-14 23:39:12,649 - __main__ - INFO - Creating FIXED main window...
2025-08-14 23:39:12,741 - __main__ - INFO - FIXED Bot Application initialized successfully!
2025-08-14 23:39:12,742 - __main__ - INFO - PERBAIKAN YANG TELAH DITERAPKAN:
2025-08-14 23:39:12,742 - __main__ - INFO - 1. Analysis Worker dengan heartbeat setiap 1 detik
2025-08-14 23:39:12,742 - __main__ - INFO - 2. Auto-execute signals (non-shadow mode)
2025-08-14 23:39:12,742 - __main__ - INFO - 3. TP/SL input dinamis (ATR/Points/Pips/Balance%)
2025-08-14 23:39:12,742 - __main__ - INFO - 4. Pre-flight checks lengkap
2025-08-14 23:39:12,742 - __main__ - INFO - 5. Real-time data feed dengan error handling
2025-08-14 23:39:12,742 - __main__ - INFO - 6. Risk management dan emergency controls
2025-08-14 23:39:12,742 - __main__ - INFO - 7. Comprehensive logging dan diagnostics
2025-08-14 23:39:12,742 - __main__ - INFO - ============================================================
2025-08-14 23:39:12,743 - __main__ - INFO - READY FOR PROFESSIONAL SCALPING ON XAUUSD
2025-08-14 23:39:12,743 - __main__ - INFO - Start → Connect → Start Bot untuk mulai trading!
2025-08-14 23:39:12,743 - __main__ - INFO - ============================================================
2025-08-14 23:40:31,112 - __main__ - INFO - ============================================================
2025-08-14 23:40:31,112 - __main__ - INFO - STARTING FIXED MT5 SCALPING BOT - PRODUCTION READY
2025-08-14 23:40:31,112 - __main__ - INFO - ============================================================
2025-08-14 23:40:31,113 - __main__ - ERROR - ❌ MetaTrader5 not installed - pip install MetaTrader5
2025-08-14 23:40:31,130 - __main__ - INFO - Initializing FIXED controller...
2025-08-14 23:40:31,131 - __main__ - INFO - Creating FIXED main window...
2025-08-14 23:40:31,177 - __main__ - INFO - FIXED Bot Application initialized successfully!
2025-08-14 23:40:31,177 - __main__ - INFO - PERBAIKAN YANG TELAH DITERAPKAN:
2025-08-14 23:40:31,177 - __main__ - INFO - 1. Analysis Worker dengan heartbeat setiap 1 detik
2025-08-14 23:40:31,177 - __main__ - INFO - 2. Auto-execute signals (non-shadow mode)
2025-08-14 23:40:31,177 - __main__ - INFO - 3. TP/SL input dinamis (ATR/Points/Pips/Balance%)
2025-08-14 23:40:31,177 - __main__ - INFO - 4. Pre-flight checks lengkap
2025-08-14 23:40:31,178 - __main__ - INFO - 5. Real-time data feed dengan error handling
2025-08-14 23:40:31,178 - __main__ - INFO - 6. Risk management dan emergency controls
2025-08-14 23:40:31,178 - __main__ - INFO - 7. Comprehensive logging dan diagnostics
2025-08-14 23:40:31,178 - __main__ - INFO - ============================================================
2025-08-14 23:40:31,178 - __main__ - INFO - READY FOR PROFESSIONAL SCALPING ON XAUUSD
2025-08-14 23:40:31,178 - __main__ - INFO - Start → Connect → Start Bot untuk mulai trading!
2025-08-14 23:40:31,178 - __main__ - INFO - ============================================================
2025-08-19 05:48:20,869 - __main__ - INFO - ============================================================
2025-08-19 05:48:20,870 - __main__ - INFO - STARTING FIXED MT5 SCALPING BOT - PRODUCTION READY
2025-08-19 05:48:20,870 - __main__ - INFO - ============================================================
2025-08-19 05:48:20,870 - __main__ - ERROR - ❌ MetaTrader5 not installed - pip install MetaTrader5
2025-08-19 05:48:20,892 - __main__ - INFO - Initializing FIXED controller...
2025-08-19 05:48:20,893 - __main__ - INFO - Creating FIXED main window...
2025-08-19 05:48:20,937 - __main__ - INFO - FIXED Bot Application initialized successfully!
2025-08-19 05:48:20,937 - __main__ - INFO - PERBAIKAN YANG TELAH DITERAPKAN:
2025-08-19 05:48:20,938 - __main__ - INFO - 1. Analysis Worker dengan heartbeat setiap 1 detik
2025-08-19 05:48:20,938 - __main__ - INFO - 2. Auto-execute signals (non-shadow mode)
2025-08-19 05:48:20,938 - __main__ - INFO - 3. TP/SL input dinamis (ATR/Points/Pips/Balance%)
2025-08-19 05:48:20,938 - __main__ - INFO - 4. Pre-flight checks lengkap
2025-08-19 05:48:20,938 - __main__ - INFO - 5. Real-time data feed dengan error handling
2025-08-19 05:48:20,938 - __main__ - INFO - 6. Risk management dan emergency controls
2025-08-19 05:48:20,938 - __main__ - INFO - 7. Comprehensive logging dan diagnostics
2025-08-19 05:48:20,938 - __main__ - INFO - ============================================================
2025-08-19 05:48:20,938 - __main__ - INFO - READY FOR PROFESSIONAL SCALPING ON XAUUSD
2025-08-19 05:48:20,938 - __main__ - INFO - Start → Connect → Start Bot untuk mulai trading!
2025-08-19 05:48:20,939 - __main__ - INFO - ============================================================
