2025-08-15 10:34:34,136 - __main__ - INFO - === MT5 PROFESSIONAL SCALPING BOT STARTUP ===
2025-08-15 10:34:39,661 - __main__ - INFO - ✅ MT5 available and ready
2025-08-15 10:34:39,747 - __main__ - INFO - Initializing trading controller...
2025-08-15 10:34:39,750 - __main__ - INFO - Creating main window...
2025-08-15 10:34:41,011 - __main__ - INFO - ✅ Application initialized successfully
2025-08-15 10:34:41,011 - __main__ - INFO - ✅ GUI loaded and ready
2025-08-15 10:34:41,012 - __main__ - INFO - ✅ All systems operational
2025-08-15 10:34:41,012 - __main__ - INFO - 🚀 READY FOR REAL TRADING - USE SHADOW MODE FIRST!
2025-08-17 17:26:22,616 - __main__ - INFO - === MT5 PROFESSIONAL SCALPING BOT STARTUP ===
2025-08-17 17:26:27,081 - __main__ - INFO - ✅ MT5 available and ready
2025-08-17 17:26:27,207 - __main__ - INFO - Initializing trading controller...
2025-08-17 17:26:27,211 - __main__ - INFO - Creating main window...
2025-08-17 17:26:29,105 - __main__ - INFO - ✅ Application initialized successfully
2025-08-17 17:26:29,106 - __main__ - INFO - ✅ GUI loaded and ready
2025-08-17 17:26:29,107 - __main__ - INFO - ✅ All systems operational
2025-08-17 17:26:29,108 - __main__ - INFO - 🚀 READY FOR REAL TRADING - USE SHADOW MODE FIRST!
2025-08-17 17:27:13,312 - __main__ - INFO - Application shutdown complete
2025-08-18 20:27:14,624 - __main__ - INFO - === MT5 PROFESSIONAL SCALPING BOT STARTUP ===
2025-08-18 20:27:14,647 - __main__ - ERROR - ❌ Trading is not allowed in MT5 terminal
2025-08-18 20:27:14,648 - __main__ - ERROR - Bot will run in demo mode - NO REAL TRADING POSSIBLE
2025-08-18 20:27:14,762 - __main__ - INFO - Initializing trading controller...
2025-08-18 20:27:14,763 - __main__ - INFO - Creating main window...
2025-08-18 20:27:15,195 - __main__ - INFO - ✅ Application initialized successfully
2025-08-18 20:27:15,195 - __main__ - INFO - ✅ GUI loaded and ready
2025-08-18 20:27:15,195 - __main__ - INFO - ✅ All systems operational
2025-08-18 20:27:15,196 - __main__ - INFO - 📊 DEMO MODE - For testing purposes only
2025-08-18 20:28:02,980 - __main__ - INFO - Application shutdown complete
2025-08-19 11:43:34,602 - __main__ - INFO - === MT5 PROFESSIONAL SCALPING BOT STARTUP ===
2025-08-19 11:43:39,407 - __main__ - ERROR - ❌ Trading is not allowed in MT5 terminal
2025-08-19 11:43:39,408 - __main__ - ERROR - Bot will run in demo mode - NO REAL TRADING POSSIBLE
2025-08-19 11:43:39,512 - __main__ - INFO - Initializing trading controller...
2025-08-19 11:43:39,514 - __main__ - INFO - Creating main window...
2025-08-19 11:43:39,801 - __main__ - INFO - ✅ Application initialized successfully
2025-08-19 11:43:39,802 - __main__ - INFO - ✅ GUI loaded and ready
2025-08-19 11:43:39,802 - __main__ - INFO - ✅ All systems operational
2025-08-19 11:43:39,802 - __main__ - INFO - 📊 DEMO MODE - For testing purposes only
2025-08-19 11:43:56,408 - __main__ - INFO - === MT5 PROFESSIONAL SCALPING BOT STARTUP ===
2025-08-19 11:43:56,422 - __main__ - INFO - ✅ MT5 available and ready
2025-08-19 11:43:56,444 - __main__ - INFO - Initializing trading controller...
2025-08-19 11:43:56,445 - __main__ - INFO - Creating main window...
2025-08-19 11:43:58,050 - __main__ - INFO - ✅ Application initialized successfully
2025-08-19 11:43:58,051 - __main__ - INFO - ✅ GUI loaded and ready
2025-08-19 11:43:58,052 - __main__ - INFO - ✅ All systems operational
2025-08-19 11:43:58,052 - __main__ - INFO - 🚀 READY FOR REAL TRADING - USE SHADOW MODE FIRST!
2025-08-19 11:44:14,987 - __main__ - INFO - Application shutdown complete
